<?xml version="1.0" encoding="UTF-8"?>
<testsuite name="stocksstatistics.EmployeeTest" tests="1" skipped="0" failures="0" errors="0" timestamp="2023-06-11T21:20:43" hostname="DESKTOP-8NS0GGV" time="0.001">
  <properties/>
  <testcase name="calculateStatisticsFromHistory()" classname="stocksstatistics.EmployeeTest" time="0.001"/>
  <system-out><![CDATA[EmployeeStatistics{favSymbol='Sell Limit', favSymbolCounter=2, maxHoldProfit=4 Days, maxHoldLoss=22 Days, avgHoldProfit=2 Days, avgHoldLoss=22 Days, maxSequenceProfits=2, avgSequenceProfits=2,00, maxSequenceLoss=1, avgSequenceLoss=1,00, maxProfitTransactions=63.61, avgProfitTransactions=48,91, maxLossTransactions=-182,38, avgLossTransactions=-182,38, totalTransactions=3.0, lostLessTransactions=0, percentProfitTransactions=66,67%, percentBuyProfit=0,00%, percentSellProfit=100,00%, TotalProfitOrLoss=-84,55, avgProfitOrLossOverTime=-2,82 per day}
]]></system-out>
  <system-err><![CDATA[]]></system-err>
</testsuite>
